<?xml version="1.0" encoding="UTF-8"?>
<!-- Generated by org.testng.reporters.JUnitReportReporter -->
<testsuite hostname="DESKTOP-350I21P" failures="0" tests="5" name="Cal_Operation.NewTest" time="22.306" errors="0" timestamp="2021-11-30T19:24:45 IST" skipped="0">
  <testcase classname="Cal_Operation.NewTest" name="openUrl" time="8.604"/>
  <system-out/>
  <testcase classname="Cal_Operation.NewTest" name="Multiplication_Op" time="2.554"/>
  <system-out/>
  <testcase classname="Cal_Operation.NewTest" name="Division_Op" time="3.481"/>
  <system-out/>
  <testcase classname="Cal_Operation.NewTest" name="Addition_Op" time="3.614"/>
  <system-out/>
  <testcase classname="Cal_Operation.NewTest" name="Substraction_Op" time="4.053"/>
  <system-out/>
</testsuite> <!-- Cal_Operation.NewTest -->
